[camrulet.mystrikingly.com/blog/free-live-sex-chat-and-adult-live-porn-cams-xxx.html]
[backblue.gif]
[fade.gif]
[index.html]
[static-assets.strikinglycdn.com/v4/blog.show.31209678a3c534a31d0f.bundle.css]
[static-assets.strikinglycdn.com/themes/spectre/main_v4.b0db4452ad51a4420456.bundle.css]
[www.google-analytics.com/analytics.js]
[user-images.strikinglycdn.com/res/hrscywv4p/image/upload/c_limit,fl_lossy,h_300,w_300,f_auto,q_auto/5769598/958373_149415.png]
[assets.strikingly.com/static/backgrounds/blur/5.jpg]
[user-images.strikinglycdn.com/res/hrscywv4p/image/upload/c_limit,fl_lossy,h_9000,w_1200,f_auto,q_auto/5769598/383807_173284.jpg]
[user-images.strikinglycdn.com/res/hrscywv4p/image/upload/c_limit,fl_lossy,h_9000,w_1200,f_auto,q_auto/5769598/688302_810370.jpg]
[user-images.strikinglycdn.com/res/hrscywv4p/image/upload/c_limit,fl_lossy,h_9000,w_1200,f_auto,q_auto/5769598/292056_434182.jpg]
[user-images.strikinglycdn.com/res/hrscywv4p/image/upload/c_limit,fl_lossy,h_9000,w_1200,f_auto,q_auto/5769598/607841_4404.jpg]
[camrulet.mystrikingly.com/blog/gratis-live-sexcam-und-live-porn-chat.html]
[static-assets.strikinglycdn.com/images/blog/small-s-icon.png]
[static-assets.strikinglycdn.com/jquery-f4e2137d267f77818d966e03df031337a38003039d43f15029422ddd171e14c4.js]
[static-assets.strikinglycdn.com/i18n-2ace11ac644d0b40fb8b7cb65e9dd1e553022750e0254118dacbe1fe50735e97.js]
[static-assets.strikinglycdn.com/webpack/site-dll.56cd2671f5c616889a12.js]
[camrulet.mystrikingly.com/blog/free-live-sex-chat-and-adult-live-porn-cams-xxx.html]
[static-assets.strikinglycdn.com/v4/blog.show.31209678a3c534a31d0f.bundle.css]
[static-assets.strikinglycdn.com/themes/spectre/main_v4.b0db4452ad51a4420456.bundle.css]
[assets.strikingly.com/static/backgrounds/blur/3.jpg]
[user-images.strikinglycdn.com/res/hrscywv4p/image/upload/c_limit,fl_lossy,h_9000,w_1200,f_auto,q_auto/5769598/685276_555510.jpg]
[user-images.strikinglycdn.com/res/hrscywv4p/image/upload/c_limit,fl_lossy,h_9000,w_1200,f_auto,q_auto/5769598/370278_769617.jpg]
[camrulet.mystrikingly.com/blog/chat-porno-en-directo-y-webcam-de-sexo-en-vivo-gratis.html]
[camrulet.mystrikingly.com/blog/gratis-live-sexcam-und-live-porn-chat.html]
[static-assets.strikinglycdn.com/webpack/blog_show-site-bundle.500bb5d46497ccdfcaeb.js]
[assets.strikingly.com/static/backgrounds/blur/8.jpg]
[user-images.strikinglycdn.com/res/hrscywv4p/image/upload/c_limit,fl_lossy,h_9000,w_1200,f_auto,q_auto/5769598/319464_29449.jpg]
[user-images.strikinglycdn.com/res/hrscywv4p/image/upload/c_limit,fl_lossy,h_9000,w_1200,f_auto,q_auto/5769598/393533_493556.jpg]
[user-images.strikinglycdn.com/res/hrscywv4p/image/upload/c_limit,fl_lossy,h_9000,w_1200,f_auto,q_auto/5769598/547406_222825.jpg]
[user-images.strikinglycdn.com/res/hrscywv4p/image/upload/c_limit,fl_lossy,h_9000,w_1200,f_auto,q_auto/5769598/404118_577087.jpg]
[camrulet.mystrikingly.com/blog/chat-porno-en-directo-y-webcam-de-sexo-en-vivo-gratis.html]
[camrulet.mystrikingly.com/blog/sexcames-free-live-sex-cams-and-live-porn-adult-sex-chat.html]
[camrulet.mystrikingly.com/blog/feed.html]
